26-10-2021 05:20:55 | Elevator 1 at floor 1 | Elevator Queue (stop=*): [2, 3*, 4, 5, 6, 7, 8, 9, 10, 11, 12*, ]
26-10-2021 05:20:57 | Elevator 1 at floor 2 | Elevator Queue (stop=*): [3*, 4, 5, 6, 7, 8, 9, 10, 11, 12*, ]
26-10-2021 05:20:59 | Elevator 1 stopped at floor 3 | Elevator Queue (stop=*): [4, 5, 6, 7, 8, 9, 10, 11, 12*, ]
26-10-2021 05:21:01 | Elevator 1 at floor 4 | Elevator Queue (stop=*): [5, 6, 7, 8, 9, 10, 11, 12*, ]
26-10-2021 05:21:03 | Elevator 1 at floor 5 | Elevator Queue (stop=*): [6, 7, 8, 9, 10, 11, 12*, ]
26-10-2021 05:21:05 | Elevator 1 at floor 6 | Elevator Queue (stop=*): [7, 8, 9, 10, 11, 12*, ]
26-10-2021 05:21:07 | Elevator 1 at floor 7 | Elevator Queue (stop=*): [8, 9, 10, 11, 12*, ]
26-10-2021 05:21:09 | Elevator 1 at floor 8 | Elevator Queue (stop=*): [9, 10, 11, 12*, ]
26-10-2021 05:21:11 | Elevator 1 at floor 9 | Elevator Queue (stop=*): [10, 11, 12*, ]
26-10-2021 05:21:13 | Elevator 1 at floor 10 | Elevator Queue (stop=*): [11, 12*, ]
26-10-2021 05:21:15 | Elevator 1 at floor 11 | Elevator Queue (stop=*): [12*, ]
26-10-2021 05:21:17 | Elevator 1 stopped at floor 12 | Elevator Queue (stop=*): []
26-10-2021 05:21:25 | Elevator 2 at floor 1 | Elevator Queue (stop=*): [2, 3, 4*, ]
26-10-2021 05:21:27 | Elevator 2 at floor 2 | Elevator Queue (stop=*): [3, 4*, ]
26-10-2021 05:21:29 | Elevator 2 at floor 3 | Elevator Queue (stop=*): [4*, ]
26-10-2021 05:21:31 | Elevator 2 stopped at floor 4 | Elevator Queue (stop=*): []
26-10-2021 05:21:44 | Elevator 1 at floor 11 | Elevator Queue (stop=*): [10, 9*, 8, 7, 6, 5, 4, 3, 2, 1*, ]
26-10-2021 05:21:46 | Elevator 1 at floor 10 | Elevator Queue (stop=*): [9*, 8, 7, 6, 5, 4, 3, 2, 1*, ]
26-10-2021 05:21:47 | Elevator 2 at floor 5 | Elevator Queue (stop=*): [6, 7, 8, 9, 10, 11*, ]
26-10-2021 05:21:48 | Elevator 1 stopped at floor 9 | Elevator Queue (stop=*): [8, 7, 6, 5, 4, 3, 2, 1*, ]
26-10-2021 05:21:49 | Elevator 2 at floor 6 | Elevator Queue (stop=*): [7, 8, 9, 10, 11*, ]
26-10-2021 05:21:50 | Elevator 1 at floor 8 | Elevator Queue (stop=*): [7, 6, 5, 4, 3, 2, 1*, ]
26-10-2021 05:21:51 | Elevator 2 at floor 7 | Elevator Queue (stop=*): [8, 9, 10, 11*, ]
26-10-2021 05:21:52 | Elevator 1 at floor 7 | Elevator Queue (stop=*): [6, 5, 4, 3, 2, 1*, ]
26-10-2021 05:21:54 | Elevator 2 at floor 8 | Elevator Queue (stop=*): [9, 10, 11*, ]
26-10-2021 05:21:54 | Elevator 1 at floor 6 | Elevator Queue (stop=*): [5, 4, 3, 2, 1*, ]
26-10-2021 05:21:56 | Elevator 2 at floor 9 | Elevator Queue (stop=*): [10, 11*, ]
26-10-2021 05:21:56 | Elevator 1 at floor 5 | Elevator Queue (stop=*): [4, 3, 2, 1*, ]
26-10-2021 05:21:58 | Elevator 2 at floor 10 | Elevator Queue (stop=*): [11*, ]
26-10-2021 05:21:58 | Elevator 1 at floor 4 | Elevator Queue (stop=*): [3, 2, 1*, ]
26-10-2021 05:22:00 | Elevator 2 stopped at floor 11 | Elevator Queue (stop=*): []
26-10-2021 05:22:00 | Elevator 1 at floor 3 | Elevator Queue (stop=*): [2, 1*, ]
26-10-2021 05:22:02 | Elevator 1 at floor 2 | Elevator Queue (stop=*): [1*, ]
26-10-2021 05:22:04 | Elevator 1 stopped at floor 1 | Elevator Queue (stop=*): []
